2022-01-09 13:17:19.122 [main] INFO  com.monster.austin.AustinApplication - Starting AustinApplication using Java 1.8.0_181 on MonsterdeMacBook-Pro.local with PID 31642 (/Users/monster/Code/austin-learn/austin-web/target/classes started by monster in /Users/monster/Code/austin-learn)
2022-01-09 13:17:19.124 [main] INFO  com.monster.austin.AustinApplication - No active profile set, falling back to default profiles: default
2022-01-09 13:17:19.866 [main] INFO  o.s.boot.web.embedded.tomcat.TomcatWebServer - Tomcat initialized with port(s): 8080 (http)
2022-01-09 13:17:19.874 [main] INFO  org.apache.coyote.http11.Http11NioProtocol - Initializing ProtocolHandler ["http-nio-8080"]
2022-01-09 13:17:19.874 [main] INFO  org.apache.catalina.core.StandardService - Starting service [Tomcat]
2022-01-09 13:17:19.874 [main] INFO  org.apache.catalina.core.StandardEngine - Starting Servlet engine: [Apache Tomcat/9.0.54]
2022-01-09 13:17:19.930 [main] INFO  o.a.c.core.ContainerBase.[Tomcat].[localhost].[/] - Initializing Spring embedded WebApplicationContext
2022-01-09 13:17:19.930 [main] INFO  o.s.b.w.s.c.ServletWebServerApplicationContext - Root WebApplicationContext: initialization completed in 756 ms
2022-01-09 13:17:20.197 [main] INFO  org.apache.coyote.http11.Http11NioProtocol - Starting ProtocolHandler ["http-nio-8080"]
2022-01-09 13:17:20.222 [main] INFO  o.s.boot.web.embedded.tomcat.TomcatWebServer - Tomcat started on port(s): 8080 (http) with context path ''
2022-01-09 13:17:20.232 [main] INFO  com.monster.austin.AustinApplication - Started AustinApplication in 1.482 seconds (JVM running for 2.224)
2022-01-09 13:17:50.853 [main] INFO  com.monster.austin.AustinApplication - Starting AustinApplication using Java 1.8.0_181 on MonsterdeMacBook-Pro.local with PID 31671 (/Users/monster/Code/austin-learn/austin-web/target/classes started by monster in /Users/monster/Code/austin-learn)
2022-01-09 13:17:50.855 [main] INFO  com.monster.austin.AustinApplication - No active profile set, falling back to default profiles: default
2022-01-09 13:17:51.503 [main] INFO  o.s.boot.web.embedded.tomcat.TomcatWebServer - Tomcat initialized with port(s): 8080 (http)
2022-01-09 13:17:51.510 [main] INFO  org.apache.coyote.http11.Http11NioProtocol - Initializing ProtocolHandler ["http-nio-8080"]
2022-01-09 13:17:51.510 [main] INFO  org.apache.catalina.core.StandardService - Starting service [Tomcat]
2022-01-09 13:17:51.510 [main] INFO  org.apache.catalina.core.StandardEngine - Starting Servlet engine: [Apache Tomcat/9.0.54]
2022-01-09 13:17:51.559 [main] INFO  o.a.c.core.ContainerBase.[Tomcat].[localhost].[/] - Initializing Spring embedded WebApplicationContext
2022-01-09 13:17:51.560 [main] INFO  o.s.b.w.s.c.ServletWebServerApplicationContext - Root WebApplicationContext: initialization completed in 662 ms
2022-01-09 13:17:51.788 [main] INFO  org.apache.coyote.http11.Http11NioProtocol - Starting ProtocolHandler ["http-nio-8080"]
2022-01-09 13:17:51.809 [main] INFO  o.s.boot.web.embedded.tomcat.TomcatWebServer - Tomcat started on port(s): 8080 (http) with context path ''
2022-01-09 13:17:51.818 [main] INFO  com.monster.austin.AustinApplication - Started AustinApplication in 1.224 seconds (JVM running for 1.72)
2022-01-09 13:18:06.146 [http-nio-8080-exec-1] INFO  o.a.c.core.ContainerBase.[Tomcat].[localhost].[/] - Initializing Spring DispatcherServlet 'dispatcherServlet'
2022-01-09 13:18:06.146 [http-nio-8080-exec-1] INFO  org.springframework.web.servlet.DispatcherServlet - Initializing Servlet 'dispatcherServlet'
2022-01-09 13:18:06.147 [http-nio-8080-exec-1] INFO  org.springframework.web.servlet.DispatcherServlet - Completed initialization in 1 ms
2022-01-09 13:18:06.175 [http-nio-8080-exec-1] INFO  com.monster.austin.AustinApplication - info logback for austin
2022-01-09 13:29:03.642 [main] INFO  com.monster.austin.AustinApplication - Starting AustinApplication using Java 1.8.0_181 on MonsterdeMacBook-Pro.local with PID 32525 (/Users/monster/Code/austin-learn/austin-web/target/classes started by monster in /Users/monster/Code/austin-learn)
2022-01-09 13:29:03.644 [main] INFO  com.monster.austin.AustinApplication - No active profile set, falling back to default profiles: default
2022-01-09 13:29:04.308 [main] INFO  o.s.boot.web.embedded.tomcat.TomcatWebServer - Tomcat initialized with port(s): 8080 (http)
2022-01-09 13:29:04.316 [main] INFO  org.apache.coyote.http11.Http11NioProtocol - Initializing ProtocolHandler ["http-nio-8080"]
2022-01-09 13:29:04.316 [main] INFO  org.apache.catalina.core.StandardService - Starting service [Tomcat]
2022-01-09 13:29:04.316 [main] INFO  org.apache.catalina.core.StandardEngine - Starting Servlet engine: [Apache Tomcat/9.0.54]
2022-01-09 13:29:04.365 [main] INFO  o.a.c.core.ContainerBase.[Tomcat].[localhost].[/] - Initializing Spring embedded WebApplicationContext
2022-01-09 13:29:04.365 [main] INFO  o.s.b.w.s.c.ServletWebServerApplicationContext - Root WebApplicationContext: initialization completed in 688 ms
2022-01-09 13:29:04.594 [main] INFO  org.apache.coyote.http11.Http11NioProtocol - Starting ProtocolHandler ["http-nio-8080"]
2022-01-09 13:29:04.616 [main] INFO  o.s.boot.web.embedded.tomcat.TomcatWebServer - Tomcat started on port(s): 8080 (http) with context path ''
2022-01-09 13:29:04.626 [main] INFO  com.monster.austin.AustinApplication - Started AustinApplication in 1.233 seconds (JVM running for 1.952)
2022-01-09 13:29:08.734 [http-nio-8080-exec-1] INFO  o.a.c.core.ContainerBase.[Tomcat].[localhost].[/] - Initializing Spring DispatcherServlet 'dispatcherServlet'
2022-01-09 13:29:08.734 [http-nio-8080-exec-1] INFO  org.springframework.web.servlet.DispatcherServlet - Initializing Servlet 'dispatcherServlet'
2022-01-09 13:29:08.735 [http-nio-8080-exec-1] INFO  org.springframework.web.servlet.DispatcherServlet - Completed initialization in 1 ms
2022-01-09 13:29:08.763 [http-nio-8080-exec-1] INFO  com.monster.austin.AustinApplication - info logback for austin
2022-01-09 14:17:11.163 [main] INFO  com.monster.austin.AustinApplication - Starting AustinApplication using Java 1.8.0_181 on MonsterdeMacBook-Pro.local with PID 35107 (/Users/monster/Code/austin-learn/austin-web/target/classes started by monster in /Users/monster/Code/austin-learn)
2022-01-09 14:17:11.166 [main] INFO  com.monster.austin.AustinApplication - No active profile set, falling back to default profiles: default
2022-01-09 14:17:11.847 [main] INFO  o.s.boot.web.embedded.tomcat.TomcatWebServer - Tomcat initialized with port(s): 8080 (http)
2022-01-09 14:17:11.854 [main] INFO  org.apache.coyote.http11.Http11NioProtocol - Initializing ProtocolHandler ["http-nio-8080"]
2022-01-09 14:17:11.854 [main] INFO  org.apache.catalina.core.StandardService - Starting service [Tomcat]
2022-01-09 14:17:11.855 [main] INFO  org.apache.catalina.core.StandardEngine - Starting Servlet engine: [Apache Tomcat/9.0.54]
2022-01-09 14:17:11.901 [main] INFO  o.a.c.core.ContainerBase.[Tomcat].[localhost].[/] - Initializing Spring embedded WebApplicationContext
2022-01-09 14:17:11.901 [main] INFO  o.s.b.w.s.c.ServletWebServerApplicationContext - Root WebApplicationContext: initialization completed in 690 ms
2022-01-09 14:17:12.347 [main] INFO  org.apache.coyote.http11.Http11NioProtocol - Starting ProtocolHandler ["http-nio-8080"]
2022-01-09 14:17:12.368 [main] INFO  o.s.boot.web.embedded.tomcat.TomcatWebServer - Tomcat started on port(s): 8080 (http) with context path ''
2022-01-09 14:17:12.376 [main] INFO  com.monster.austin.AustinApplication - Started AustinApplication in 1.549 seconds (JVM running for 2.413)
2022-01-09 14:17:20.736 [http-nio-8080-exec-1] INFO  o.a.c.core.ContainerBase.[Tomcat].[localhost].[/] - Initializing Spring DispatcherServlet 'dispatcherServlet'
2022-01-09 14:17:20.737 [http-nio-8080-exec-1] INFO  org.springframework.web.servlet.DispatcherServlet - Initializing Servlet 'dispatcherServlet'
2022-01-09 14:17:20.738 [http-nio-8080-exec-1] INFO  org.springframework.web.servlet.DispatcherServlet - Completed initialization in 1 ms
2022-01-09 14:17:53.915 [main] INFO  com.monster.austin.AustinApplication - Starting AustinApplication using Java 1.8.0_181 on MonsterdeMacBook-Pro.local with PID 35148 (/Users/monster/Code/austin-learn/austin-web/target/classes started by monster in /Users/monster/Code/austin-learn)
2022-01-09 14:17:53.920 [main] INFO  com.monster.austin.AustinApplication - No active profile set, falling back to default profiles: default
2022-01-09 14:17:54.647 [main] INFO  o.s.boot.web.embedded.tomcat.TomcatWebServer - Tomcat initialized with port(s): 8080 (http)
2022-01-09 14:17:54.653 [main] INFO  org.apache.coyote.http11.Http11NioProtocol - Initializing ProtocolHandler ["http-nio-8080"]
2022-01-09 14:17:54.654 [main] INFO  org.apache.catalina.core.StandardService - Starting service [Tomcat]
2022-01-09 14:17:54.654 [main] INFO  org.apache.catalina.core.StandardEngine - Starting Servlet engine: [Apache Tomcat/9.0.54]
2022-01-09 14:17:54.700 [main] INFO  o.a.c.core.ContainerBase.[Tomcat].[localhost].[/] - Initializing Spring embedded WebApplicationContext
2022-01-09 14:17:54.701 [main] INFO  o.s.b.w.s.c.ServletWebServerApplicationContext - Root WebApplicationContext: initialization completed in 724 ms
2022-01-09 14:17:55.103 [main] INFO  org.apache.coyote.http11.Http11NioProtocol - Starting ProtocolHandler ["http-nio-8080"]
2022-01-09 14:17:55.124 [main] INFO  o.s.boot.web.embedded.tomcat.TomcatWebServer - Tomcat started on port(s): 8080 (http) with context path ''
2022-01-09 14:17:55.133 [main] INFO  com.monster.austin.AustinApplication - Started AustinApplication in 1.55 seconds (JVM running for 2.101)
2022-01-09 14:18:02.779 [http-nio-8080-exec-1] INFO  o.a.c.core.ContainerBase.[Tomcat].[localhost].[/] - Initializing Spring DispatcherServlet 'dispatcherServlet'
2022-01-09 14:18:02.779 [http-nio-8080-exec-1] INFO  org.springframework.web.servlet.DispatcherServlet - Initializing Servlet 'dispatcherServlet'
2022-01-09 14:18:02.780 [http-nio-8080-exec-1] INFO  org.springframework.web.servlet.DispatcherServlet - Completed initialization in 1 ms
2022-01-09 14:18:02.848 [http-nio-8080-exec-1] INFO  com.monster.austin.utils.OkHttpUtils - do post request and url[https://sms.tencentcloudapi.com/]
2022-01-09 14:20:49.097 [main] INFO  com.monster.austin.AustinApplication - Starting AustinApplication using Java 1.8.0_181 on MonsterdeMacBook-Pro.local with PID 35269 (/Users/monster/Code/austin-learn/austin-web/target/classes started by monster in /Users/monster/Code/austin-learn)
2022-01-09 14:20:49.099 [main] INFO  com.monster.austin.AustinApplication - No active profile set, falling back to default profiles: default
2022-01-09 14:20:49.780 [main] INFO  o.s.boot.web.embedded.tomcat.TomcatWebServer - Tomcat initialized with port(s): 8080 (http)
2022-01-09 14:20:49.786 [main] INFO  org.apache.coyote.http11.Http11NioProtocol - Initializing ProtocolHandler ["http-nio-8080"]
2022-01-09 14:20:49.787 [main] INFO  org.apache.catalina.core.StandardService - Starting service [Tomcat]
2022-01-09 14:20:49.787 [main] INFO  org.apache.catalina.core.StandardEngine - Starting Servlet engine: [Apache Tomcat/9.0.54]
2022-01-09 14:20:49.835 [main] INFO  o.a.c.core.ContainerBase.[Tomcat].[localhost].[/] - Initializing Spring embedded WebApplicationContext
2022-01-09 14:20:49.835 [main] INFO  o.s.b.w.s.c.ServletWebServerApplicationContext - Root WebApplicationContext: initialization completed in 690 ms
2022-01-09 14:20:50.255 [main] INFO  org.apache.coyote.http11.Http11NioProtocol - Starting ProtocolHandler ["http-nio-8080"]
2022-01-09 14:20:50.287 [main] INFO  o.s.boot.web.embedded.tomcat.TomcatWebServer - Tomcat started on port(s): 8080 (http) with context path ''
2022-01-09 14:20:50.296 [main] INFO  com.monster.austin.AustinApplication - Started AustinApplication in 1.533 seconds (JVM running for 2.264)
2022-01-09 14:20:54.782 [http-nio-8080-exec-1] INFO  o.a.c.core.ContainerBase.[Tomcat].[localhost].[/] - Initializing Spring DispatcherServlet 'dispatcherServlet'
2022-01-09 14:20:54.783 [http-nio-8080-exec-1] INFO  org.springframework.web.servlet.DispatcherServlet - Initializing Servlet 'dispatcherServlet'
2022-01-09 14:20:54.783 [http-nio-8080-exec-1] INFO  org.springframework.web.servlet.DispatcherServlet - Completed initialization in 0 ms
2022-01-09 14:20:54.842 [http-nio-8080-exec-1] INFO  com.monster.austin.utils.OkHttpUtils - do post request and url[https://sms.tencentcloudapi.com/]
2022-01-09 16:20:24.161 [main] INFO  com.monster.austin.AustinApplication - Starting AustinApplication using Java 1.8.0_181 on MonsterdeMacBook-Pro.local with PID 39568 (/Users/monster/Code/austin-learn/austin-web/target/classes started by monster in /Users/monster/Code/austin-learn)
2022-01-09 16:20:24.163 [main] INFO  com.monster.austin.AustinApplication - No active profile set, falling back to default profiles: default
2022-01-09 16:20:24.887 [main] INFO  o.s.boot.web.embedded.tomcat.TomcatWebServer - Tomcat initialized with port(s): 8080 (http)
2022-01-09 16:20:24.894 [main] INFO  org.apache.coyote.http11.Http11NioProtocol - Initializing ProtocolHandler ["http-nio-8080"]
2022-01-09 16:20:24.894 [main] INFO  org.apache.catalina.core.StandardService - Starting service [Tomcat]
2022-01-09 16:20:24.894 [main] INFO  org.apache.catalina.core.StandardEngine - Starting Servlet engine: [Apache Tomcat/9.0.54]
2022-01-09 16:20:24.946 [main] INFO  o.a.c.core.ContainerBase.[Tomcat].[localhost].[/] - Initializing Spring embedded WebApplicationContext
2022-01-09 16:20:24.946 [main] INFO  o.s.b.w.s.c.ServletWebServerApplicationContext - Root WebApplicationContext: initialization completed in 724 ms
2022-01-09 16:20:25.438 [main] INFO  org.apache.coyote.http11.Http11NioProtocol - Starting ProtocolHandler ["http-nio-8080"]
2022-01-09 16:20:25.459 [main] INFO  o.s.boot.web.embedded.tomcat.TomcatWebServer - Tomcat started on port(s): 8080 (http) with context path ''
2022-01-09 16:20:25.467 [main] INFO  com.monster.austin.AustinApplication - Started AustinApplication in 1.725 seconds (JVM running for 2.551)
2022-01-09 16:21:02.078 [http-nio-8080-exec-2] INFO  o.a.c.core.ContainerBase.[Tomcat].[localhost].[/] - Initializing Spring DispatcherServlet 'dispatcherServlet'
2022-01-09 16:21:02.078 [http-nio-8080-exec-2] INFO  org.springframework.web.servlet.DispatcherServlet - Initializing Servlet 'dispatcherServlet'
2022-01-09 16:21:02.079 [http-nio-8080-exec-2] INFO  org.springframework.web.servlet.DispatcherServlet - Completed initialization in 1 ms
